<?xml version="1.0" encoding="UTF-8"?>
<testsuite name="hello.hellospring.service.MemberServiceTest" tests="4" skipped="0" failures="0" errors="0" timestamp="2024-04-05T08:11:43" hostname="이여노" time="0.086">
  <properties/>
  <testcase name="findOne()" classname="hello.hellospring.service.MemberServiceTest" time="0.016"/>
  <testcase name="중복_회원_예외()" classname="hello.hellospring.service.MemberServiceTest" time="0.062"/>
  <testcase name="회원가입()" classname="hello.hellospring.service.MemberServiceTest" time="0.001"/>
  <testcase name="findMembers()" classname="hello.hellospring.service.MemberServiceTest" time="0.001"/>
  <system-out><![CDATA[]]></system-out>
  <system-err><![CDATA[]]></system-err>
</testsuite>
